<?xml version="1.0" encoding="UTF-8"?>
<!-- Generated by org.testng.reporters.JUnitXMLReporter -->
<testsuite hostname="DESKTOP-74ULC4S" ignored="0" name="Test" tests="3" failures="0" timestamp="2022-04-13T16:09:45 ICT" time="31.02" errors="0">
  <testcase name="loginPageTest" time="0.089" classname="com.tests.OrangeHRMTest2"/>
  <testcase name="loginTest" time="4.795" classname="com.tests.OrangeHRMTest2"/>
  <testcase name="sampleCase" time="0.001" classname="com.tests.OrangeHRMTest2"/>
</testsuite> <!-- Test -->
