<?xml version="1.0" encoding="UTF-8"?>
<testng-results skipped="0" failed="0" ignored="0" total="2" passed="2">
  <reporter-output>
  </reporter-output>
  <suite name="Suite" duration-ms="14328" started-at="2022-03-14T18:01:52 ICT" finished-at="2022-03-14T18:02:06 ICT">
    <groups>
      <group name="cucumber">
        <method signature="AbstractTestNGCucumberTests.runScenario(io.cucumber.testng.PickleWrapper,io.cucumber.testng.FeatureWrapper)[pri:0, instance:com.runner.TestNgRunner@fcd6521]" name="runScenario" class="io.cucumber.testng.AbstractTestNGCucumberTests"/>
      </group> <!-- cucumber -->
    </groups>
    <test name="Tutorialspoint" duration-ms="32" started-at="2022-03-14T18:01:52 ICT" finished-at="2022-03-14T18:01:52 ICT">
      <class name="com.runner.testing">
        <test-method status="PASS" signature="tC1()[pri:0, instance:com.runner.testing@9a7504c]" name="tC1" duration-ms="5" started-at="2022-03-14T18:01:52 ICT" finished-at="2022-03-14T18:01:52 ICT">
          <reporter-output>
          </reporter-output>
        </test-method> <!-- tC1 -->
      </class> <!-- com.runner.testing -->
    </test> <!-- Tutorialspoint -->
    <test name="ChromeTest" duration-ms="14328" started-at="2022-03-14T18:01:52 ICT" finished-at="2022-03-14T18:02:06 ICT">
      <class name="com.runner.TestNgRunner">
        <test-method status="PASS" signature="setUpClass()[pri:0, instance:com.runner.TestNgRunner@fcd6521]" name="setUpClass" is-config="true" duration-ms="423" started-at="2022-03-14T18:01:52 ICT" finished-at="2022-03-14T18:01:52 ICT">
          <reporter-output>
          </reporter-output>
        </test-method> <!-- setUpClass -->
        <test-method status="PASS" signature="setup(java.lang.String)[pri:0, instance:com.runner.TestNgRunner@fcd6521]" name="setup" is-config="true" duration-ms="2032" started-at="2022-03-14T18:01:52 ICT" finished-at="2022-03-14T18:01:54 ICT">
          <params>
            <param index="0">
              <value>
                <![CDATA[chrome]]>
              </value>
            </param>
          </params>
          <reporter-output>
          </reporter-output>
        </test-method> <!-- setup -->
        <test-method status="PASS" signature="runScenario(io.cucumber.testng.PickleWrapper,io.cucumber.testng.FeatureWrapper)[pri:0, instance:com.runner.TestNgRunner@fcd6521]" name="runScenario" duration-ms="11149" started-at="2022-03-14T18:01:54 ICT" description="Runs Cucumber Scenarios" data-provider="scenarios" finished-at="2022-03-14T18:02:05 ICT">
          <params>
            <param index="0">
              <value>
                <![CDATA["Title of your scenario"]]>
              </value>
            </param>
            <param index="1">
              <value>
                <![CDATA["Optional[Login Functionality]"]]>
              </value>
            </param>
          </params>
          <reporter-output>
          </reporter-output>
        </test-method> <!-- runScenario -->
        <test-method status="PASS" signature="teardown()[pri:0, instance:com.runner.TestNgRunner@fcd6521]" name="teardown" is-config="true" duration-ms="617" started-at="2022-03-14T18:02:05 ICT" finished-at="2022-03-14T18:02:06 ICT">
          <reporter-output>
          </reporter-output>
        </test-method> <!-- teardown -->
        <test-method status="PASS" signature="tearDownClass()[pri:0, instance:com.runner.TestNgRunner@fcd6521]" name="tearDownClass" is-config="true" duration-ms="86" started-at="2022-03-14T18:02:06 ICT" finished-at="2022-03-14T18:02:06 ICT">
          <reporter-output>
          </reporter-output>
        </test-method> <!-- tearDownClass -->
      </class> <!-- com.runner.TestNgRunner -->
    </test> <!-- ChromeTest -->
  </suite> <!-- Suite -->
</testng-results>
