<?xml version="1.0" encoding="UTF-8"?>
<testng-results skipped="0" failed="0" ignored="0" total="1" passed="1">
  <reporter-output>
  </reporter-output>
  <suite name="Suite" duration-ms="15258" started-at="2022-03-29T12:32:33 ICT" finished-at="2022-03-29T12:32:49 ICT">
    <groups>
      <group name="cucumber">
        <method signature="AbstractTestNGCucumberTests.runScenario(io.cucumber.testng.PickleWrapper,io.cucumber.testng.FeatureWrapper)[pri:0, instance:com.runner.TestNgRunner@31f924f5]" name="runScenario" class="io.cucumber.testng.AbstractTestNGCucumberTests"/>
      </group> <!-- cucumber -->
    </groups>
    <test name="ChromeTest" duration-ms="15258" started-at="2022-03-29T12:32:33 ICT" finished-at="2022-03-29T12:32:49 ICT">
      <class name="com.runner.TestNgRunner">
        <test-method status="PASS" signature="setUpClass()[pri:0, instance:com.runner.TestNgRunner@31f924f5]" name="setUpClass" is-config="true" duration-ms="502" started-at="2022-03-29T12:32:33 ICT" finished-at="2022-03-29T12:32:34 ICT">
          <reporter-output>
          </reporter-output>
        </test-method> <!-- setUpClass -->
        <test-method status="PASS" signature="setup(java.lang.String)[pri:0, instance:com.runner.TestNgRunner@31f924f5]" name="setup" is-config="true" duration-ms="2767" started-at="2022-03-29T12:32:34 ICT" finished-at="2022-03-29T12:32:37 ICT">
          <params>
            <param index="0">
              <value>
                <![CDATA[chrome]]>
              </value>
            </param>
          </params>
          <reporter-output>
          </reporter-output>
        </test-method> <!-- setup -->
        <test-method status="PASS" signature="runScenario(io.cucumber.testng.PickleWrapper,io.cucumber.testng.FeatureWrapper)[pri:0, instance:com.runner.TestNgRunner@31f924f5]" name="runScenario" duration-ms="11198" started-at="2022-03-29T12:32:37 ICT" description="Runs Cucumber Scenarios" data-provider="scenarios" finished-at="2022-03-29T12:32:48 ICT">
          <params>
            <param index="0">
              <value>
                <![CDATA["Title of your scenario"]]>
              </value>
            </param>
            <param index="1">
              <value>
                <![CDATA["Optional[Login Functionality]"]]>
              </value>
            </param>
          </params>
          <reporter-output>
          </reporter-output>
        </test-method> <!-- runScenario -->
        <test-method status="PASS" signature="teardown()[pri:0, instance:com.runner.TestNgRunner@31f924f5]" name="teardown" is-config="true" duration-ms="671" started-at="2022-03-29T12:32:48 ICT" finished-at="2022-03-29T12:32:48 ICT">
          <reporter-output>
          </reporter-output>
        </test-method> <!-- teardown -->
        <test-method status="PASS" signature="tearDownClass()[pri:0, instance:com.runner.TestNgRunner@31f924f5]" name="tearDownClass" is-config="true" duration-ms="85" started-at="2022-03-29T12:32:48 ICT" finished-at="2022-03-29T12:32:49 ICT">
          <reporter-output>
          </reporter-output>
        </test-method> <!-- tearDownClass -->
      </class> <!-- com.runner.TestNgRunner -->
    </test> <!-- ChromeTest -->
  </suite> <!-- Suite -->
</testng-results>
